<?xml version="1.0" encoding="UTF-8"?>
<!-- Generated by org.testng.reporters.JUnitReportReporter -->
<testsuite name="goJek_Automation.Automation" tests="4" time="157.514" ignored="0" failures="0" timestamp="30 Mar 2020 12:09:41 GMT" skipped="0" hostname="BLRM-300067719" errors="0">
  <testcase name="PaymentSuccessful" time="42.591" classname="goJek_Automation.Automation"/>
  <testcase name="PaymentFailed" time="41.524" classname="goJek_Automation.Automation"/>
  <testcase name="PaymentSuccessful" time="37.857" classname="goJek_Automation.Automation"/>
  <testcase name="PaymentFailed" time="35.542" classname="goJek_Automation.Automation"/>
</testsuite> <!-- goJek_Automation.Automation -->
