<?xml version="1.0" encoding="UTF-8"?>
<!-- Generated by org.testng.reporters.JUnitReportReporter -->
<testsuite name="goJek_Automation.Automation" tests="4" time="93.420" ignored="0" failures="0" timestamp="30 Mar 2020 00:14:21 GMT" skipped="0" hostname="BLRM-300067719" errors="0">
  <testcase name="TestCase1" time="24.930" classname="goJek_Automation.Automation"/>
  <testcase name="TestCase2" time="25.875" classname="goJek_Automation.Automation"/>
  <testcase name="TestCase2" time="21.425" classname="goJek_Automation.Automation"/>
  <testcase name="TestCase1" time="21.190" classname="goJek_Automation.Automation"/>
</testsuite> <!-- goJek_Automation.Automation -->
