<?xml version="1.0" encoding="UTF-8"?>
<!-- Generated by org.testng.reporters.JUnitReportReporter -->
<testsuite name="goJek_Automation.Automation" tests="2" time="42.796" ignored="0" failures="0" timestamp="29 Mar 2020 21:49:48 GMT" skipped="0" hostname="BLRM-300067719" errors="0">
  <testcase name="TestCase2" time="21.821" classname="goJek_Automation.Automation"/>
  <testcase name="TestCase1" time="20.975" classname="goJek_Automation.Automation"/>
</testsuite> <!-- goJek_Automation.Automation -->
